<?xml version="1.0" encoding="utf-8"?>
<TestRun id="aa84c395-83e5-44fd-a7ba-c7e492f5ee14" name="Admin@ADMIN-TIAN 2026-09-23 14:49:22" runUser="ADMIN-TIAN\Admin" xmlns="http://microsoft.com/schemas/VisualStudio/TeamTest/2010">
  <Times creation="2026-09-23T14:49:22.9683923+08:00" queuing="2026-09-23T14:49:22.9683925+08:00" start="2026-09-23T14:49:22.4932033+08:00" finish="2026-09-23T14:49:22.9753167+08:00" />
  <TestSettings name="default" id="e556e60e-f7cf-4ba3-aee5-e24bc72c1a6a">
    <Deployment runDeploymentRoot="Admin_ADMIN-TIAN_2026-09-23_14_49_22" />
  </TestSettings>
  <Results>
    <UnitTestResult executionId="d1b10561-30b5-4dbe-a3c6-0b152c8aaa3b" testId="46755b34-3525-8d65-58d7-f3d2465f2609" testName="ERP.IntegrationTests.UiSmokeTests.退出登录_回到登录页" computerName="ADMIN-TIAN" duration="00:00:00.0010000" startTime="2026-09-23T14:49:22.8920833+08:00" endTime="2026-09-23T14:49:22.8920834+08:00" testType="13cdc9d9-ddb5-4fa4-a97d-d965ccfc6d4b" outcome="Failed" testListId="8c84fa94-04c1-424b-9868-57a2d4851a1d" relativeResultsDirectory="d1b10561-30b5-4dbe-a3c6-0b152c8aaa3b">
      <Output>
        <ErrorInfo>
          <Message>System.InvalidOperationException : 真实浏览器 UI 验收 已中止：验收目标数据库与部署配置 deploy\appsettings.Production.json 指向同一个实例与库。为避免把验收数据（建表 / 菜单授权 / 系统参数 / 测试单据）写入业务库，请先让 ERP_ConnectionStrings__Default 指向专用测试库（例如 NEWERP_TEST）；若确认要在该库执行验收，请先取得 Human Gate 批准并在运行进程内显式设置 ERP_AI_ALLOW_HIGH_RISK_TESTS=APPROVED。</Message>
          <StackTrace>   at ERP.IntegrationTests.TestDatabaseSafetyGuard.EnsureApprovedTarget(String connectionString, String runName) in D:\VSCodeProject\NEWERP\src\ERP.IntegrationTests\TestDatabaseSafetyGuard.cs:line 51&#xD;
   at ERP.IntegrationTests.UiTestFixture.InitializeAsync() in D:\VSCodeProject\NEWERP\src\ERP.IntegrationTests\UiTestFixture.cs:line 26</StackTrace>
        </ErrorInfo>
      </Output>
    </UnitTestResult>
    <UnitTestResult executionId="1098ad2e-140b-42aa-9a35-e9fcf6faa3ad" testId="10664b30-4e7b-eaf2-7f44-4dc0901004fb" testName="ERP.IntegrationTests.PiWorkflowUiTests.报价单转PI_并可在PI列表与编辑页核对复制内容" computerName="ADMIN-TIAN" duration="00:00:00.0010000" startTime="2026-09-23T14:49:22.8913986+08:00" endTime="2026-09-23T14:49:22.8913987+08:00" testType="13cdc9d9-ddb5-4fa4-a97d-d965ccfc6d4b" outcome="Failed" testListId="8c84fa94-04c1-424b-9868-57a2d4851a1d" relativeResultsDirectory="1098ad2e-140b-42aa-9a35-e9fcf6faa3ad">
      <Output>
        <ErrorInfo>
          <Message>System.InvalidOperationException : 真实浏览器 UI 验收 已中止：验收目标数据库与部署配置 deploy\appsettings.Production.json 指向同一个实例与库。为避免把验收数据（建表 / 菜单授权 / 系统参数 / 测试单据）写入业务库，请先让 ERP_ConnectionStrings__Default 指向专用测试库（例如 NEWERP_TEST）；若确认要在该库执行验收，请先取得 Human Gate 批准并在运行进程内显式设置 ERP_AI_ALLOW_HIGH_RISK_TESTS=APPROVED。</Message>
          <StackTrace>   at ERP.IntegrationTests.TestDatabaseSafetyGuard.EnsureApprovedTarget(String connectionString, String runName) in D:\VSCodeProject\NEWERP\src\ERP.IntegrationTests\TestDatabaseSafetyGuard.cs:line 51&#xD;
   at ERP.IntegrationTests.UiTestFixture.InitializeAsync() in D:\VSCodeProject\NEWERP\src\ERP.IntegrationTests\UiTestFixture.cs:line 26</StackTrace>
        </ErrorInfo>
      </Output>
    </UnitTestResult>
    <UnitTestResult executionId="618ac056-e5d5-44ea-bc3f-a89a56fbbb2b" testId="d4822faa-f877-71c6-796c-c7a279ec25e0" testName="ERP.IntegrationTests.UiSmokeTests.打开首页_默认显示登录页" computerName="ADMIN-TIAN" duration="00:00:00.0010000" startTime="2026-09-23T14:49:22.8922274+08:00" endTime="2026-09-23T14:49:22.8922275+08:00" testType="13cdc9d9-ddb5-4fa4-a97d-d965ccfc6d4b" outcome="Failed" testListId="8c84fa94-04c1-424b-9868-57a2d4851a1d" relativeResultsDirectory="618ac056-e5d5-44ea-bc3f-a89a56fbbb2b">
      <Output>
        <ErrorInfo>
          <Message>System.InvalidOperationException : 真实浏览器 UI 验收 已中止：验收目标数据库与部署配置 deploy\appsettings.Production.json 指向同一个实例与库。为避免把验收数据（建表 / 菜单授权 / 系统参数 / 测试单据）写入业务库，请先让 ERP_ConnectionStrings__Default 指向专用测试库（例如 NEWERP_TEST）；若确认要在该库执行验收，请先取得 Human Gate 批准并在运行进程内显式设置 ERP_AI_ALLOW_HIGH_RISK_TESTS=APPROVED。</Message>
          <StackTrace>   at ERP.IntegrationTests.TestDatabaseSafetyGuard.EnsureApprovedTarget(String connectionString, String runName) in D:\VSCodeProject\NEWERP\src\ERP.IntegrationTests\TestDatabaseSafetyGuard.cs:line 51&#xD;
   at ERP.IntegrationTests.UiTestFixture.InitializeAsync() in D:\VSCodeProject\NEWERP\src\ERP.IntegrationTests\UiTestFixture.cs:line 26</StackTrace>
        </ErrorInfo>
      </Output>
    </UnitTestResult>
    <UnitTestResult executionId="e4f606b7-5917-42e9-837f-1e581789f6d6" testId="89d8399c-b94b-e026-2e0d-adfdf33b2b9b" testName="ERP.IntegrationTests.PiWorkflowUiTests.PI草稿修改_审核后禁改_销审恢复_并渲染打印预览" computerName="ADMIN-TIAN" duration="00:00:00.0010000" startTime="2026-09-23T14:49:22.8893376+08:00" endTime="2026-09-23T14:49:22.8893681+08:00" testType="13cdc9d9-ddb5-4fa4-a97d-d965ccfc6d4b" outcome="Failed" testListId="8c84fa94-04c1-424b-9868-57a2d4851a1d" relativeResultsDirectory="e4f606b7-5917-42e9-837f-1e581789f6d6">
      <Output>
        <ErrorInfo>
          <Message>System.InvalidOperationException : 真实浏览器 UI 验收 已中止：验收目标数据库与部署配置 deploy\appsettings.Production.json 指向同一个实例与库。为避免把验收数据（建表 / 菜单授权 / 系统参数 / 测试单据）写入业务库，请先让 ERP_ConnectionStrings__Default 指向专用测试库（例如 NEWERP_TEST）；若确认要在该库执行验收，请先取得 Human Gate 批准并在运行进程内显式设置 ERP_AI_ALLOW_HIGH_RISK_TESTS=APPROVED。</Message>
          <StackTrace>   at ERP.IntegrationTests.TestDatabaseSafetyGuard.EnsureApprovedTarget(String connectionString, String runName) in D:\VSCodeProject\NEWERP\src\ERP.IntegrationTests\TestDatabaseSafetyGuard.cs:line 51&#xD;
   at ERP.IntegrationTests.UiTestFixture.InitializeAsync() in D:\VSCodeProject\NEWERP\src\ERP.IntegrationTests\UiTestFixture.cs:line 26</StackTrace>
        </ErrorInfo>
      </Output>
    </UnitTestResult>
    <UnitTestResult executionId="32af0b55-af34-4b03-88cd-880b876d06ce" testId="f57a92bc-ca4e-ff26-7ebc-76ba7904a9b5" testName="ERP.IntegrationTests.UiSmokeTests.错误密码_提示登录错误且不跳转" computerName="ADMIN-TIAN" duration="00:00:00.0010000" startTime="2026-09-23T14:49:22.8917898+08:00" endTime="2026-09-23T14:49:22.8917899+08:00" testType="13cdc9d9-ddb5-4fa4-a97d-d965ccfc6d4b" outcome="Failed" testListId="8c84fa94-04c1-424b-9868-57a2d4851a1d" relativeResultsDirectory="32af0b55-af34-4b03-88cd-880b876d06ce">
      <Output>
        <ErrorInfo>
          <Message>System.InvalidOperationException : 真实浏览器 UI 验收 已中止：验收目标数据库与部署配置 deploy\appsettings.Production.json 指向同一个实例与库。为避免把验收数据（建表 / 菜单授权 / 系统参数 / 测试单据）写入业务库，请先让 ERP_ConnectionStrings__Default 指向专用测试库（例如 NEWERP_TEST）；若确认要在该库执行验收，请先取得 Human Gate 批准并在运行进程内显式设置 ERP_AI_ALLOW_HIGH_RISK_TESTS=APPROVED。</Message>
          <StackTrace>   at ERP.IntegrationTests.TestDatabaseSafetyGuard.EnsureApprovedTarget(String connectionString, String runName) in D:\VSCodeProject\NEWERP\src\ERP.IntegrationTests\TestDatabaseSafetyGuard.cs:line 51&#xD;
   at ERP.IntegrationTests.UiTestFixture.InitializeAsync() in D:\VSCodeProject\NEWERP\src\ERP.IntegrationTests\UiTestFixture.cs:line 26</StackTrace>
        </ErrorInfo>
      </Output>
    </UnitTestResult>
    <UnitTestResult executionId="ec48bca9-1998-448c-bb70-7bc05b681d7f" testId="56e4301d-8f2f-500a-1144-cebd278baab2" testName="ERP.IntegrationTests.UiSmokeTests.正确密码_进入主界面_可见菜单与用户名" computerName="ADMIN-TIAN" duration="00:00:00.0010000" startTime="2026-09-23T14:49:22.8919417+08:00" endTime="2026-09-23T14:49:22.8919418+08:00" testType="13cdc9d9-ddb5-4fa4-a97d-d965ccfc6d4b" outcome="Failed" testListId="8c84fa94-04c1-424b-9868-57a2d4851a1d" relativeResultsDirectory="ec48bca9-1998-448c-bb70-7bc05b681d7f">
      <Output>
        <ErrorInfo>
          <Message>System.InvalidOperationException : 真实浏览器 UI 验收 已中止：验收目标数据库与部署配置 deploy\appsettings.Production.json 指向同一个实例与库。为避免把验收数据（建表 / 菜单授权 / 系统参数 / 测试单据）写入业务库，请先让 ERP_ConnectionStrings__Default 指向专用测试库（例如 NEWERP_TEST）；若确认要在该库执行验收，请先取得 Human Gate 批准并在运行进程内显式设置 ERP_AI_ALLOW_HIGH_RISK_TESTS=APPROVED。</Message>
          <StackTrace>   at ERP.IntegrationTests.TestDatabaseSafetyGuard.EnsureApprovedTarget(String connectionString, String runName) in D:\VSCodeProject\NEWERP\src\ERP.IntegrationTests\TestDatabaseSafetyGuard.cs:line 51&#xD;
   at ERP.IntegrationTests.UiTestFixture.InitializeAsync() in D:\VSCodeProject\NEWERP\src\ERP.IntegrationTests\UiTestFixture.cs:line 26</StackTrace>
        </ErrorInfo>
      </Output>
    </UnitTestResult>
  </Results>
  <TestDefinitions>
    <UnitTest name="ERP.IntegrationTests.UiSmokeTests.退出登录_回到登录页" storage="d:\vscodeproject\newerp\src\erp.integrationtests\bin\debug\net8.0\erp.integrationtests.dll" id="46755b34-3525-8d65-58d7-f3d2465f2609">
      <Execution id="d1b10561-30b5-4dbe-a3c6-0b152c8aaa3b" />
      <TestMethod codeBase="D:\VSCodeProject\NEWERP\src\ERP.IntegrationTests\bin\Debug\net8.0\ERP.IntegrationTests.dll" adapterTypeName="executor://xunit/VsTestRunner2/netcoreapp" className="ERP.IntegrationTests.UiSmokeTests" name="退出登录_回到登录页" />
    </UnitTest>
    <UnitTest name="ERP.IntegrationTests.UiSmokeTests.正确密码_进入主界面_可见菜单与用户名" storage="d:\vscodeproject\newerp\src\erp.integrationtests\bin\debug\net8.0\erp.integrationtests.dll" id="56e4301d-8f2f-500a-1144-cebd278baab2">
      <Execution id="ec48bca9-1998-448c-bb70-7bc05b681d7f" />
      <TestMethod codeBase="D:\VSCodeProject\NEWERP\src\ERP.IntegrationTests\bin\Debug\net8.0\ERP.IntegrationTests.dll" adapterTypeName="executor://xunit/VsTestRunner2/netcoreapp" className="ERP.IntegrationTests.UiSmokeTests" name="正确密码_进入主界面_可见菜单与用户名" />
    </UnitTest>
    <UnitTest name="ERP.IntegrationTests.UiSmokeTests.错误密码_提示登录错误且不跳转" storage="d:\vscodeproject\newerp\src\erp.integrationtests\bin\debug\net8.0\erp.integrationtests.dll" id="f57a92bc-ca4e-ff26-7ebc-76ba7904a9b5">
      <Execution id="32af0b55-af34-4b03-88cd-880b876d06ce" />
      <TestMethod codeBase="D:\VSCodeProject\NEWERP\src\ERP.IntegrationTests\bin\Debug\net8.0\ERP.IntegrationTests.dll" adapterTypeName="executor://xunit/VsTestRunner2/netcoreapp" className="ERP.IntegrationTests.UiSmokeTests" name="错误密码_提示登录错误且不跳转" />
    </UnitTest>
    <UnitTest name="ERP.IntegrationTests.UiSmokeTests.打开首页_默认显示登录页" storage="d:\vscodeproject\newerp\src\erp.integrationtests\bin\debug\net8.0\erp.integrationtests.dll" id="d4822faa-f877-71c6-796c-c7a279ec25e0">
      <Execution id="618ac056-e5d5-44ea-bc3f-a89a56fbbb2b" />
      <TestMethod codeBase="D:\VSCodeProject\NEWERP\src\ERP.IntegrationTests\bin\Debug\net8.0\ERP.IntegrationTests.dll" adapterTypeName="executor://xunit/VsTestRunner2/netcoreapp" className="ERP.IntegrationTests.UiSmokeTests" name="打开首页_默认显示登录页" />
    </UnitTest>
    <UnitTest name="ERP.IntegrationTests.PiWorkflowUiTests.PI草稿修改_审核后禁改_销审恢复_并渲染打印预览" storage="d:\vscodeproject\newerp\src\erp.integrationtests\bin\debug\net8.0\erp.integrationtests.dll" id="89d8399c-b94b-e026-2e0d-adfdf33b2b9b">
      <Execution id="e4f606b7-5917-42e9-837f-1e581789f6d6" />
      <TestMethod codeBase="D:\VSCodeProject\NEWERP\src\ERP.IntegrationTests\bin\Debug\net8.0\ERP.IntegrationTests.dll" adapterTypeName="executor://xunit/VsTestRunner2/netcoreapp" className="ERP.IntegrationTests.PiWorkflowUiTests" name="PI草稿修改_审核后禁改_销审恢复_并渲染打印预览" />
    </UnitTest>
    <UnitTest name="ERP.IntegrationTests.PiWorkflowUiTests.报价单转PI_并可在PI列表与编辑页核对复制内容" storage="d:\vscodeproject\newerp\src\erp.integrationtests\bin\debug\net8.0\erp.integrationtests.dll" id="10664b30-4e7b-eaf2-7f44-4dc0901004fb">
      <Execution id="1098ad2e-140b-42aa-9a35-e9fcf6faa3ad" />
      <TestMethod codeBase="D:\VSCodeProject\NEWERP\src\ERP.IntegrationTests\bin\Debug\net8.0\ERP.IntegrationTests.dll" adapterTypeName="executor://xunit/VsTestRunner2/netcoreapp" className="ERP.IntegrationTests.PiWorkflowUiTests" name="报价单转PI_并可在PI列表与编辑页核对复制内容" />
    </UnitTest>
  </TestDefinitions>
  <TestEntries>
    <TestEntry testId="46755b34-3525-8d65-58d7-f3d2465f2609" executionId="d1b10561-30b5-4dbe-a3c6-0b152c8aaa3b" testListId="8c84fa94-04c1-424b-9868-57a2d4851a1d" />
    <TestEntry testId="10664b30-4e7b-eaf2-7f44-4dc0901004fb" executionId="1098ad2e-140b-42aa-9a35-e9fcf6faa3ad" testListId="8c84fa94-04c1-424b-9868-57a2d4851a1d" />
    <TestEntry testId="d4822faa-f877-71c6-796c-c7a279ec25e0" executionId="618ac056-e5d5-44ea-bc3f-a89a56fbbb2b" testListId="8c84fa94-04c1-424b-9868-57a2d4851a1d" />
    <TestEntry testId="89d8399c-b94b-e026-2e0d-adfdf33b2b9b" executionId="e4f606b7-5917-42e9-837f-1e581789f6d6" testListId="8c84fa94-04c1-424b-9868-57a2d4851a1d" />
    <TestEntry testId="f57a92bc-ca4e-ff26-7ebc-76ba7904a9b5" executionId="32af0b55-af34-4b03-88cd-880b876d06ce" testListId="8c84fa94-04c1-424b-9868-57a2d4851a1d" />
    <TestEntry testId="56e4301d-8f2f-500a-1144-cebd278baab2" executionId="ec48bca9-1998-448c-bb70-7bc05b681d7f" testListId="8c84fa94-04c1-424b-9868-57a2d4851a1d" />
  </TestEntries>
  <TestLists>
    <TestList name="列表中未列出的结果" id="8c84fa94-04c1-424b-9868-57a2d4851a1d" />
    <TestList name="所有已加载的结果" id="19431567-8539-422a-85d7-44ee4e166bda" />
  </TestLists>
  <ResultSummary outcome="Failed">
    <Counters total="6" executed="6" passed="0" failed="6" error="0" timeout="0" aborted="0" inconclusive="0" passedButRunAborted="0" notRunnable="0" notExecuted="0" disconnected="0" warning="0" completed="0" inProgress="0" pending="0" />
    <Output>
      <StdOut>[xUnit.net 00:00:00.00] xUnit.net VSTest Adapter v2.8.2+699d445a1a (64-bit .NET 8.0.14)&#xD;
[xUnit.net 00:00:00.04]   Discovering: ERP.IntegrationTests&#xD;
[xUnit.net 00:00:00.07]   Discovered:  ERP.IntegrationTests&#xD;
[xUnit.net 00:00:00.07]   Starting:    ERP.IntegrationTests&#xD;
[xUnit.net 00:00:00.10]       System.InvalidOperationException : 真实浏览器 UI 验收 已中止：验收目标数据库与部署配置 deploy\appsettings.Production.json 指向同一个实例与库。为避免把验收数据（建表 / 菜单授权 / 系统参数 / 测试单据）写入业务库，请先让 ERP_ConnectionStrings__Default 指向专用测试库（例如 NEWERP_TEST）；若确认要在该库执行验收，请先取得 Human Gate 批准并在运行进程内显式设置 ERP_AI_ALLOW_HIGH_RISK_TESTS=APPROVED。&#xD;
[xUnit.net 00:00:00.10]       Stack Trace:&#xD;
[xUnit.net 00:00:00.10]         D:\VSCodeProject\NEWERP\src\ERP.IntegrationTests\TestDatabaseSafetyGuard.cs(51,0): at ERP.IntegrationTests.TestDatabaseSafetyGuard.EnsureApprovedTarget(String connectionString, String runName)&#xD;
[xUnit.net 00:00:00.10]         D:\VSCodeProject\NEWERP\src\ERP.IntegrationTests\UiTestFixture.cs(26,0): at ERP.IntegrationTests.UiTestFixture.InitializeAsync()&#xD;
[xUnit.net 00:00:00.10]       System.InvalidOperationException : 真实浏览器 UI 验收 已中止：验收目标数据库与部署配置 deploy\appsettings.Production.json 指向同一个实例与库。为避免把验收数据（建表 / 菜单授权 / 系统参数 / 测试单据）写入业务库，请先让 ERP_ConnectionStrings__Default 指向专用测试库（例如 NEWERP_TEST）；若确认要在该库执行验收，请先取得 Human Gate 批准并在运行进程内显式设置 ERP_AI_ALLOW_HIGH_RISK_TESTS=APPROVED。&#xD;
[xUnit.net 00:00:00.10]       Stack Trace:&#xD;
[xUnit.net 00:00:00.10]         D:\VSCodeProject\NEWERP\src\ERP.IntegrationTests\TestDatabaseSafetyGuard.cs(51,0): at ERP.IntegrationTests.TestDatabaseSafetyGuard.EnsureApprovedTarget(String connectionString, String runName)&#xD;
[xUnit.net 00:00:00.10]         D:\VSCodeProject\NEWERP\src\ERP.IntegrationTests\UiTestFixture.cs(26,0): at ERP.IntegrationTests.UiTestFixture.InitializeAsync()&#xD;
[xUnit.net 00:00:00.10]       System.InvalidOperationException : 真实浏览器 UI 验收 已中止：验收目标数据库与部署配置 deploy\appsettings.Production.json 指向同一个实例与库。为避免把验收数据（建表 / 菜单授权 / 系统参数 / 测试单据）写入业务库，请先让 ERP_ConnectionStrings__Default 指向专用测试库（例如 NEWERP_TEST）；若确认要在该库执行验收，请先取得 Human Gate 批准并在运行进程内显式设置 ERP_AI_ALLOW_HIGH_RISK_TESTS=APPROVED。&#xD;
[xUnit.net 00:00:00.10]       Stack Trace:&#xD;
[xUnit.net 00:00:00.10]         D:\VSCodeProject\NEWERP\src\ERP.IntegrationTests\TestDatabaseSafetyGuard.cs(51,0): at ERP.IntegrationTests.TestDatabaseSafetyGuard.EnsureApprovedTarget(String connectionString, String runName)&#xD;
[xUnit.net 00:00:00.10]         D:\VSCodeProject\NEWERP\src\ERP.IntegrationTests\UiTestFixture.cs(26,0): at ERP.IntegrationTests.UiTestFixture.InitializeAsync()&#xD;
[xUnit.net 00:00:00.10]       System.InvalidOperationException : 真实浏览器 UI 验收 已中止：验收目标数据库与部署配置 deploy\appsettings.Production.json 指向同一个实例与库。为避免把验收数据（建表 / 菜单授权 / 系统参数 / 测试单据）写入业务库，请先让 ERP_ConnectionStrings__Default 指向专用测试库（例如 NEWERP_TEST）；若确认要在该库执行验收，请先取得 Human Gate 批准并在运行进程内显式设置 ERP_AI_ALLOW_HIGH_RISK_TESTS=APPROVED。&#xD;
[xUnit.net 00:00:00.10]       Stack Trace:&#xD;
[xUnit.net 00:00:00.10]         D:\VSCodeProject\NEWERP\src\ERP.IntegrationTests\TestDatabaseSafetyGuard.cs(51,0): at ERP.IntegrationTests.TestDatabaseSafetyGuard.EnsureApprovedTarget(String connectionString, String runName)&#xD;
[xUnit.net 00:00:00.10]         D:\VSCodeProject\NEWERP\src\ERP.IntegrationTests\UiTestFixture.cs(26,0): at ERP.IntegrationTests.UiTestFixture.InitializeAsync()&#xD;
[xUnit.net 00:00:00.10]       System.InvalidOperationException : 真实浏览器 UI 验收 已中止：验收目标数据库与部署配置 deploy\appsettings.Production.json 指向同一个实例与库。为避免把验收数据（建表 / 菜单授权 / 系统参数 / 测试单据）写入业务库，请先让 ERP_ConnectionStrings__Default 指向专用测试库（例如 NEWERP_TEST）；若确认要在该库执行验收，请先取得 Human Gate 批准并在运行进程内显式设置 ERP_AI_ALLOW_HIGH_RISK_TESTS=APPROVED。&#xD;
[xUnit.net 00:00:00.10]       Stack Trace:&#xD;
[xUnit.net 00:00:00.10]         D:\VSCodeProject\NEWERP\src\ERP.IntegrationTests\TestDatabaseSafetyGuard.cs(51,0): at ERP.IntegrationTests.TestDatabaseSafetyGuard.EnsureApprovedTarget(String connectionString, String runName)&#xD;
[xUnit.net 00:00:00.10]         D:\VSCodeProject\NEWERP\src\ERP.IntegrationTests\UiTestFixture.cs(26,0): at ERP.IntegrationTests.UiTestFixture.InitializeAsync()&#xD;
[xUnit.net 00:00:00.10]       System.InvalidOperationException : 真实浏览器 UI 验收 已中止：验收目标数据库与部署配置 deploy\appsettings.Production.json 指向同一个实例与库。为避免把验收数据（建表 / 菜单授权 / 系统参数 / 测试单据）写入业务库，请先让 ERP_ConnectionStrings__Default 指向专用测试库（例如 NEWERP_TEST）；若确认要在该库执行验收，请先取得 Human Gate 批准并在运行进程内显式设置 ERP_AI_ALLOW_HIGH_RISK_TESTS=APPROVED。&#xD;
[xUnit.net 00:00:00.10]       Stack Trace:&#xD;
[xUnit.net 00:00:00.10]         D:\VSCodeProject\NEWERP\src\ERP.IntegrationTests\TestDatabaseSafetyGuard.cs(51,0): at ERP.IntegrationTests.TestDatabaseSafetyGuard.EnsureApprovedTarget(String connectionString, String runName)&#xD;
[xUnit.net 00:00:00.10]         D:\VSCodeProject\NEWERP\src\ERP.IntegrationTests\UiTestFixture.cs(26,0): at ERP.IntegrationTests.UiTestFixture.InitializeAsync()&#xD;
[xUnit.net 00:00:00.10]   Finished:    ERP.IntegrationTests&#xD;
</StdOut>
    </Output>
    <RunInfos>
      <RunInfo computerName="ADMIN-TIAN" outcome="Error" timestamp="2026-09-23T14:49:22.8881906+08:00">
        <Text>[xUnit.net 00:00:00.10]     ERP.IntegrationTests.PiWorkflowUiTests.PI草稿修改_审核后禁改_销审恢复_并渲染打印预览 [FAIL]</Text>
      </RunInfo>
      <RunInfo computerName="ADMIN-TIAN" outcome="Error" timestamp="2026-09-23T14:49:22.8934884+08:00">
        <Text>[xUnit.net 00:00:00.10]     ERP.IntegrationTests.PiWorkflowUiTests.报价单转PI_并可在PI列表与编辑页核对复制内容 [FAIL]</Text>
      </RunInfo>
      <RunInfo computerName="ADMIN-TIAN" outcome="Error" timestamp="2026-09-23T14:49:22.8945223+08:00">
        <Text>[xUnit.net 00:00:00.10]     ERP.IntegrationTests.UiSmokeTests.错误密码_提示登录错误且不跳转 [FAIL]</Text>
      </RunInfo>
      <RunInfo computerName="ADMIN-TIAN" outcome="Error" timestamp="2026-09-23T14:49:22.8948623+08:00">
        <Text>[xUnit.net 00:00:00.10]     ERP.IntegrationTests.UiSmokeTests.正确密码_进入主界面_可见菜单与用户名 [FAIL]</Text>
      </RunInfo>
      <RunInfo computerName="ADMIN-TIAN" outcome="Error" timestamp="2026-09-23T14:49:22.8953614+08:00">
        <Text>[xUnit.net 00:00:00.10]     ERP.IntegrationTests.UiSmokeTests.退出登录_回到登录页 [FAIL]</Text>
      </RunInfo>
      <RunInfo computerName="ADMIN-TIAN" outcome="Error" timestamp="2026-09-23T14:49:22.8957119+08:00">
        <Text>[xUnit.net 00:00:00.10]     ERP.IntegrationTests.UiSmokeTests.打开首页_默认显示登录页 [FAIL]</Text>
      </RunInfo>
    </RunInfos>
  </ResultSummary>
</TestRun>